[W 2025-12-15 16:28:54,377] Trial 13 failed with parameters: {'fast_period': 11, 'slow_period': 63, 'tp_mode': 'rr', 'tp_rr': 5.970121574958884, 'tp_mgmt': 'full', 'sl_type': 'atr', 'sl_trailing': False, 'exit_on_flat': False, 'sl_atr_period': 39, 'sl_atr_mult': 1.3363730399213023, 'pm_mode': 'martingale', 'martingale_multiplier': 1.7542582536636222, 'martingale_max_steps': 7} because of the following error: KeyboardInterrupt().
Traceback (most recent call last):
  File "C:\Users\Nahel\Documents\GitHub\quantlab\projects\ohlcv-optimizer-v1\.venv\Lib\site-packages\optuna\study\_optimize.py", line 205, in _run_trial
    value_or_values = func(trial)
                      ^^^^^^^^^^^
  File "C:\Users\Nahel\Documents\GitHub\quantlab\projects\ohlcv-optimizer-v1\src\hyperliquid_ohlcv_optimizer\optimize\optuna_worker.py", line 124, in objective
    res = run_backtest(df=df_train, signal=sig_train, config=bt_cfg)
          ^^^^^^^^^^^^^^^^^^^^^^^^^^^^^^^^^^^^^^^^^^^^^^^^^^^^^^^^^^
  File "C:\Users\Nahel\Documents\GitHub\quantlab\projects\ohlcv-optimizer-v1\src\hyperliquid_ohlcv_optimizer\backtest\backtester.py", line 145, in run_backtest
    row = df.iloc[i]
          ~~~~~~~^^^
  File "C:\Users\Nahel\Documents\GitHub\quantlab\projects\ohlcv-optimizer-v1\.venv\Lib\site-packages\pandas\core\indexing.py", line 1192, in __getitem__
    return self._getitem_axis(maybe_callable, axis=axis)
           ^^^^^^^^^^^^^^^^^^^^^^^^^^^^^^^^^^^^^^^^^^^^^
  File "C:\Users\Nahel\Documents\GitHub\quantlab\projects\ohlcv-optimizer-v1\.venv\Lib\site-packages\pandas\core\indexing.py", line 1755, in _getitem_axis
    return self.obj._ixs(key, axis=axis)
           ^^^^^^^^^^^^^^^^^^^^^^^^^^^^^
  File "C:\Users\Nahel\Documents\GitHub\quantlab\projects\ohlcv-optimizer-v1\.venv\Lib\site-packages\pandas\core\frame.py", line 3994, in _ixs
    def _ixs(self, i: int, axis: AxisInt = 0) -> Series:
    
KeyboardInterrupt
[W 2025-12-15 16:28:54,379] Trial 13 failed with value None.
