[W 2025-12-15 16:28:54,391] Trial 12 failed with parameters: {'fast_period': 57, 'slow_period': 142, 'tp_mode': 'rr', 'tp_rr': 0.5370075069291402, 'tp_mgmt': 'full', 'sl_type': 'pct', 'sl_trailing': True, 'exit_on_flat': True, 'sl_pct': 7.773814951275034, 'pm_mode': 'none'} because of the following error: KeyboardInterrupt().
Traceback (most recent call last):
  File "C:\Users\Nahel\Documents\GitHub\quantlab\projects\ohlcv-optimizer-v1\.venv\Lib\site-packages\optuna\study\_optimize.py", line 205, in _run_trial
    value_or_values = func(trial)
                      ^^^^^^^^^^^
  File "C:\Users\Nahel\Documents\GitHub\quantlab\projects\ohlcv-optimizer-v1\src\hyperliquid_ohlcv_optimizer\optimize\optuna_worker.py", line 124, in objective
    res = run_backtest(df=df_train, signal=sig_train, config=bt_cfg)
          ^^^^^^^^^^^^^^^^^^^^^^^^^^^^^^^^^^^^^^^^^^^^^^^^^^^^^^^^^^
  File "C:\Users\Nahel\Documents\GitHub\quantlab\projects\ohlcv-optimizer-v1\src\hyperliquid_ohlcv_optimizer\backtest\backtester.py", line 258, in run_backtest
    ref_price = float(df.iloc[i - 1]["close"])
                      ~~~~~~~^^^^^^^
  File "C:\Users\Nahel\Documents\GitHub\quantlab\projects\ohlcv-optimizer-v1\.venv\Lib\site-packages\pandas\core\indexing.py", line 1192, in __getitem__
    return self._getitem_axis(maybe_callable, axis=axis)
           ^^^^^^^^^^^^^^^^^^^^^^^^^^^^^^^^^^^^^^^^^^^^^
  File "C:\Users\Nahel\Documents\GitHub\quantlab\projects\ohlcv-optimizer-v1\.venv\Lib\site-packages\pandas\core\indexing.py", line 1755, in _getitem_axis
    return self.obj._ixs(key, axis=axis)
           ^^^^^^^^^^^^^^^^^^^^^^^^^^^^^
  File "C:\Users\Nahel\Documents\GitHub\quantlab\projects\ohlcv-optimizer-v1\.venv\Lib\site-packages\pandas\core\frame.py", line 4007, in _ixs
    new_mgr = self._mgr.fast_xs(i)
              ^^^^^^^^^^^^^^^^^^^^
  File "C:\Users\Nahel\Documents\GitHub\quantlab\projects\ohlcv-optimizer-v1\.venv\Lib\site-packages\pandas\core\internals\managers.py", line 1003, in fast_xs
    dtype = interleaved_dtype([blk.dtype for blk in self.blocks])
            ^^^^^^^^^^^^^^^^^^^^^^^^^^^^^^^^^^^^^^^^^^^^^^^^^^^^^
  File "C:\Users\Nahel\Documents\GitHub\quantlab\projects\ohlcv-optimizer-v1\.venv\Lib\site-packages\pandas\core\internals\base.py", line 394, in interleaved_dtype
    return find_common_type(dtypes)
           ^^^^^^^^^^^^^^^^^^^^^^^^
  File "C:\Users\Nahel\Documents\GitHub\quantlab\projects\ohlcv-optimizer-v1\.venv\Lib\site-packages\pandas\core\dtypes\cast.py", line 1490, in find_common_type
    has_bools = any(t.kind == "b" for t in types)
                ^^^^^^^^^^^^^^^^^^^^^^^^^^^^^^^^^
  File "C:\Users\Nahel\Documents\GitHub\quantlab\projects\ohlcv-optimizer-v1\.venv\Lib\site-packages\pandas\core\dtypes\cast.py", line 1490, in <genexpr>
    has_bools = any(t.kind == "b" for t in types)
    
KeyboardInterrupt
[W 2025-12-15 16:28:54,410] Trial 12 failed with value None.
