[W 2025-12-15 16:28:54,409] Trial 15 failed with parameters: {'fast_period': 27, 'slow_period': 141, 'tp_mode': 'rr', 'tp_rr': 4.8898125856846075, 'tp_mgmt': 'partial_trailing', 'tp1_close_frac': 0.7550987420523012, 'tp_trail_pct': 0.4189768865496557, 'sl_type': 'pct', 'sl_trailing': False, 'exit_on_flat': False, 'sl_pct': 8.384611559277358, 'pm_mode': 'martingale', 'martingale_multiplier': 1.6672779894893104, 'martingale_max_steps': 2} because of the following error: KeyboardInterrupt().
Traceback (most recent call last):
  File "C:\Users\Nahel\Documents\GitHub\quantlab\projects\ohlcv-optimizer-v1\.venv\Lib\site-packages\optuna\study\_optimize.py", line 205, in _run_trial
    value_or_values = func(trial)
                      ^^^^^^^^^^^
  File "C:\Users\Nahel\Documents\GitHub\quantlab\projects\ohlcv-optimizer-v1\src\hyperliquid_ohlcv_optimizer\optimize\optuna_worker.py", line 124, in objective
    res = run_backtest(df=df_train, signal=sig_train, config=bt_cfg)
          ^^^^^^^^^^^^^^^^^^^^^^^^^^^^^^^^^^^^^^^^^^^^^^^^^^^^^^^^^^
  File "C:\Users\Nahel\Documents\GitHub\quantlab\projects\ohlcv-optimizer-v1\src\hyperliquid_ohlcv_optimizer\backtest\backtester.py", line 145, in run_backtest
    row = df.iloc[i]
          ~~~~~~~^^^
  File "C:\Users\Nahel\Documents\GitHub\quantlab\projects\ohlcv-optimizer-v1\.venv\Lib\site-packages\pandas\core\indexing.py", line 1192, in __getitem__
    return self._getitem_axis(maybe_callable, axis=axis)
           ^^^^^^^^^^^^^^^^^^^^^^^^^^^^^^^^^^^^^^^^^^^^^
  File "C:\Users\Nahel\Documents\GitHub\quantlab\projects\ohlcv-optimizer-v1\.venv\Lib\site-packages\pandas\core\indexing.py", line 1755, in _getitem_axis
    return self.obj._ixs(key, axis=axis)
           ^^^^^^^^^^^^^^^^^^^^^^^^^^^^^
  File "C:\Users\Nahel\Documents\GitHub\quantlab\projects\ohlcv-optimizer-v1\.venv\Lib\site-packages\pandas\core\frame.py", line 4007, in _ixs
    new_mgr = self._mgr.fast_xs(i)
              ^^^^^^^^^^^^^^^^^^^^
  File "C:\Users\Nahel\Documents\GitHub\quantlab\projects\ohlcv-optimizer-v1\.venv\Lib\site-packages\pandas\core\internals\managers.py", line 1020, in fast_xs
    for i, rl in enumerate(blk.mgr_locs):
                 ^^^^^^^^^^^^^^^^^^^^^^^
KeyboardInterrupt
[W 2025-12-15 16:28:54,412] Trial 15 failed with value None.
