[W 2025-12-15 16:28:54,357] Trial 16 failed with parameters: {'fast_period': 44, 'slow_period': 66, 'tp_mode': 'rr', 'tp_rr': 4.237139237186315, 'tp_mgmt': 'full', 'sl_type': 'pct', 'sl_trailing': False, 'exit_on_flat': True, 'sl_pct': 7.383698106920495, 'pm_mode': 'grid', 'grid_max_adds': 6, 'grid_spacing_pct': 1.2276308134170206, 'grid_size_multiplier': 2.3402903294047634} because of the following error: KeyboardInterrupt().
Traceback (most recent call last):
  File "C:\Users\Nahel\Documents\GitHub\quantlab\projects\ohlcv-optimizer-v1\.venv\Lib\site-packages\optuna\study\_optimize.py", line 205, in _run_trial
    value_or_values = func(trial)
                      ^^^^^^^^^^^
  File "C:\Users\Nahel\Documents\GitHub\quantlab\projects\ohlcv-optimizer-v1\src\hyperliquid_ohlcv_optimizer\optimize\optuna_worker.py", line 124, in objective
    res = run_backtest(df=df_train, signal=sig_train, config=bt_cfg)
          ^^^^^^^^^^^^^^^^^^^^^^^^^^^^^^^^^^^^^^^^^^^^^^^^^^^^^^^^^^
  File "C:\Users\Nahel\Documents\GitHub\quantlab\projects\ohlcv-optimizer-v1\src\hyperliquid_ohlcv_optimizer\backtest\backtester.py", line 145, in run_backtest
    row = df.iloc[i]
          ~~~~~~~^^^
  File "C:\Users\Nahel\Documents\GitHub\quantlab\projects\ohlcv-optimizer-v1\.venv\Lib\site-packages\pandas\core\indexing.py", line 1192, in __getitem__
    return self._getitem_axis(maybe_callable, axis=axis)
           ^^^^^^^^^^^^^^^^^^^^^^^^^^^^^^^^^^^^^^^^^^^^^
  File "C:\Users\Nahel\Documents\GitHub\quantlab\projects\ohlcv-optimizer-v1\.venv\Lib\site-packages\pandas\core\indexing.py", line 1755, in _getitem_axis
    return self.obj._ixs(key, axis=axis)
           ^^^^^^^^^^^^^^^^^^^^^^^^^^^^^
  File "C:\Users\Nahel\Documents\GitHub\quantlab\projects\ohlcv-optimizer-v1\.venv\Lib\site-packages\pandas\core\frame.py", line 4007, in _ixs
    new_mgr = self._mgr.fast_xs(i)
              ^^^^^^^^^^^^^^^^^^^^
  File "C:\Users\Nahel\Documents\GitHub\quantlab\projects\ohlcv-optimizer-v1\.venv\Lib\site-packages\pandas\core\internals\managers.py", line 1027, in fast_xs
    bp = BlockPlacement(slice(0, len(result)))
                        ^^^^^^^^^^^^^^^^^^^^^
KeyboardInterrupt
[W 2025-12-15 16:28:54,370] Trial 16 failed with value None.
