[W 2025-12-17 03:11:29,780] Trial 0 failed with parameters: {'stoch_k_period': 18, 'stoch_d_period': 15, 'stoch_oversold': 26.959818254342153, 'stoch_overbought': 82.9597545259111, 'tp_mode': 'pct', 'tp_pct': 0.6750277604651747, 'tp_mgmt': 'full', 'sl_type': 'pct', 'sl_trailing': False, 'exit_on_flat': False, 'sl_pct': 1.915704647548995, 'pm_mode': 'grid', 'grid_max_adds': 3, 'grid_spacing_pct': 1.8549660394310197, 'grid_size_multiplier': 1.2789877213040837} because of the following error: NameError("name 'mark_to_market' is not defined").
Traceback (most recent call last):
  File "C:\Users\Nahel\Documents\GitHub\quantlab\projects\ohlcv-optimizer-v1\.venv\Lib\site-packages\optuna\study\_optimize.py", line 205, in _run_trial
    value_or_values = func(trial)
                      ^^^^^^^^^^^
  File "C:\Users\Nahel\Documents\GitHub\quantlab\projects\ohlcv-optimizer-v1\src\hyperliquid_ohlcv_optimizer\optimize\optuna_worker.py", line 146, in objective
    res = run_backtest(df=df_train, signal=sig_train, config=bt_cfg)
          ^^^^^^^^^^^^^^^^^^^^^^^^^^^^^^^^^^^^^^^^^^^^^^^^^^^^^^^^^^
  File "C:\Users\Nahel\Documents\GitHub\quantlab\projects\ohlcv-optimizer-v1\src\hyperliquid_ohlcv_optimizer\backtest\backtester.py", line 663, in run_backtest
    eq_close = float(mark_to_market(c))
                     ^^^^^^^^^^^^^^
NameError: name 'mark_to_market' is not defined
[W 2025-12-17 03:11:29,780] Trial 0 failed with value None.
Traceback (most recent call last):
  File "<frozen runpy>", line 198, in _run_module_as_main
  File "<frozen runpy>", line 88, in _run_code
  File "C:\Users\Nahel\Documents\GitHub\quantlab\projects\ohlcv-optimizer-v1\src\hyperliquid_ohlcv_optimizer\optimize\optuna_worker.py", line 191, in <module>
    main()
  File "C:\Users\Nahel\Documents\GitHub\quantlab\projects\ohlcv-optimizer-v1\src\hyperliquid_ohlcv_optimizer\optimize\optuna_worker.py", line 178, in main
    study.optimize(
  File "C:\Users\Nahel\Documents\GitHub\quantlab\projects\ohlcv-optimizer-v1\.venv\Lib\site-packages\optuna\study\study.py", line 490, in optimize
    _optimize(
  File "C:\Users\Nahel\Documents\GitHub\quantlab\projects\ohlcv-optimizer-v1\.venv\Lib\site-packages\optuna\study\_optimize.py", line 67, in _optimize
    _optimize_sequential(
  File "C:\Users\Nahel\Documents\GitHub\quantlab\projects\ohlcv-optimizer-v1\.venv\Lib\site-packages\optuna\study\_optimize.py", line 164, in _optimize_sequential
    frozen_trial_id = _run_trial(study, func, catch)
                      ^^^^^^^^^^^^^^^^^^^^^^^^^^^^^^
  File "C:\Users\Nahel\Documents\GitHub\quantlab\projects\ohlcv-optimizer-v1\.venv\Lib\site-packages\optuna\study\_optimize.py", line 262, in _run_trial
    raise func_err
  File "C:\Users\Nahel\Documents\GitHub\quantlab\projects\ohlcv-optimizer-v1\.venv\Lib\site-packages\optuna\study\_optimize.py", line 205, in _run_trial
    value_or_values = func(trial)
                      ^^^^^^^^^^^
  File "C:\Users\Nahel\Documents\GitHub\quantlab\projects\ohlcv-optimizer-v1\src\hyperliquid_ohlcv_optimizer\optimize\optuna_worker.py", line 146, in objective
    res = run_backtest(df=df_train, signal=sig_train, config=bt_cfg)
          ^^^^^^^^^^^^^^^^^^^^^^^^^^^^^^^^^^^^^^^^^^^^^^^^^^^^^^^^^^
  File "C:\Users\Nahel\Documents\GitHub\quantlab\projects\ohlcv-optimizer-v1\src\hyperliquid_ohlcv_optimizer\backtest\backtester.py", line 663, in run_backtest
    eq_close = float(mark_to_market(c))
                     ^^^^^^^^^^^^^^
NameError: name 'mark_to_market' is not defined
