[W 2025-12-17 03:11:28,571] Trial 6 failed with parameters: {'range_lookback': 82, 'range_buffer_pct': 0.12353091598090721, 'tp_mode': 'pct', 'tp_pct': 6.8644399237523706, 'tp_mgmt': 'full', 'sl_type': 'atr', 'sl_trailing': False, 'exit_on_flat': False, 'sl_atr_period': 49, 'sl_atr_mult': 5.1465721815695575, 'pm_mode': 'grid', 'grid_max_adds': 3, 'grid_spacing_pct': 0.970884219227353, 'grid_size_multiplier': 2.4038125350419906} because of the following error: NameError("name 'mark_to_market' is not defined").
Traceback (most recent call last):
  File "C:\Users\Nahel\Documents\GitHub\quantlab\projects\ohlcv-optimizer-v1\.venv\Lib\site-packages\optuna\study\_optimize.py", line 205, in _run_trial
    value_or_values = func(trial)
                      ^^^^^^^^^^^
  File "C:\Users\Nahel\Documents\GitHub\quantlab\projects\ohlcv-optimizer-v1\src\hyperliquid_ohlcv_optimizer\optimize\optuna_worker.py", line 146, in objective
    res = run_backtest(df=df_train, signal=sig_train, config=bt_cfg)
          ^^^^^^^^^^^^^^^^^^^^^^^^^^^^^^^^^^^^^^^^^^^^^^^^^^^^^^^^^^
  File "C:\Users\Nahel\Documents\GitHub\quantlab\projects\ohlcv-optimizer-v1\src\hyperliquid_ohlcv_optimizer\backtest\backtester.py", line 663, in run_backtest
    eq_close = float(mark_to_market(c))
                     ^^^^^^^^^^^^^^
NameError: name 'mark_to_market' is not defined
[W 2025-12-17 03:11:28,572] Trial 6 failed with value None.
Traceback (most recent call last):
  File "<frozen runpy>", line 198, in _run_module_as_main
  File "<frozen runpy>", line 88, in _run_code
  File "C:\Users\Nahel\Documents\GitHub\quantlab\projects\ohlcv-optimizer-v1\src\hyperliquid_ohlcv_optimizer\optimize\optuna_worker.py", line 191, in <module>
    main()
  File "C:\Users\Nahel\Documents\GitHub\quantlab\projects\ohlcv-optimizer-v1\src\hyperliquid_ohlcv_optimizer\optimize\optuna_worker.py", line 178, in main
    study.optimize(
  File "C:\Users\Nahel\Documents\GitHub\quantlab\projects\ohlcv-optimizer-v1\.venv\Lib\site-packages\optuna\study\study.py", line 490, in optimize
    _optimize(
  File "C:\Users\Nahel\Documents\GitHub\quantlab\projects\ohlcv-optimizer-v1\.venv\Lib\site-packages\optuna\study\_optimize.py", line 67, in _optimize
    _optimize_sequential(
  File "C:\Users\Nahel\Documents\GitHub\quantlab\projects\ohlcv-optimizer-v1\.venv\Lib\site-packages\optuna\study\_optimize.py", line 164, in _optimize_sequential
    frozen_trial_id = _run_trial(study, func, catch)
                      ^^^^^^^^^^^^^^^^^^^^^^^^^^^^^^
  File "C:\Users\Nahel\Documents\GitHub\quantlab\projects\ohlcv-optimizer-v1\.venv\Lib\site-packages\optuna\study\_optimize.py", line 262, in _run_trial
    raise func_err
  File "C:\Users\Nahel\Documents\GitHub\quantlab\projects\ohlcv-optimizer-v1\.venv\Lib\site-packages\optuna\study\_optimize.py", line 205, in _run_trial
    value_or_values = func(trial)
                      ^^^^^^^^^^^
  File "C:\Users\Nahel\Documents\GitHub\quantlab\projects\ohlcv-optimizer-v1\src\hyperliquid_ohlcv_optimizer\optimize\optuna_worker.py", line 146, in objective
    res = run_backtest(df=df_train, signal=sig_train, config=bt_cfg)
          ^^^^^^^^^^^^^^^^^^^^^^^^^^^^^^^^^^^^^^^^^^^^^^^^^^^^^^^^^^
  File "C:\Users\Nahel\Documents\GitHub\quantlab\projects\ohlcv-optimizer-v1\src\hyperliquid_ohlcv_optimizer\backtest\backtester.py", line 663, in run_backtest
    eq_close = float(mark_to_market(c))
                     ^^^^^^^^^^^^^^
NameError: name 'mark_to_market' is not defined
