[W 2025-12-17 03:03:20,455] Trial 7 failed with parameters: {'stoch_k_period': 35, 'stoch_d_period': 3, 'stoch_oversold': 27.339214450385533, 'stoch_overbought': 75.81502508768857, 'tp_mode': 'rr', 'tp_rr': 4.059039600664864, 'tp_mgmt': 'partial_trailing', 'tp1_close_frac': 0.6681183946616588, 'tp_trail_pct': 4.804604814768053, 'sl_type': 'pct', 'sl_trailing': True, 'exit_on_flat': False, 'sl_pct': 8.830060383449327, 'pm_mode': 'none'} because of the following error: NameError("name 'mark_to_market' is not defined").
Traceback (most recent call last):
  File "C:\Users\Nahel\Documents\GitHub\quantlab\projects\ohlcv-optimizer-v1\.venv\Lib\site-packages\optuna\study\_optimize.py", line 205, in _run_trial
    value_or_values = func(trial)
                      ^^^^^^^^^^^
  File "C:\Users\Nahel\Documents\GitHub\quantlab\projects\ohlcv-optimizer-v1\src\hyperliquid_ohlcv_optimizer\optimize\optuna_worker.py", line 146, in objective
    res = run_backtest(df=df_train, signal=sig_train, config=bt_cfg)
          ^^^^^^^^^^^^^^^^^^^^^^^^^^^^^^^^^^^^^^^^^^^^^^^^^^^^^^^^^^
  File "C:\Users\Nahel\Documents\GitHub\quantlab\projects\ohlcv-optimizer-v1\src\hyperliquid_ohlcv_optimizer\backtest\backtester.py", line 663, in run_backtest
    eq_close = float(mark_to_market(c))
                     ^^^^^^^^^^^^^^
NameError: name 'mark_to_market' is not defined
[W 2025-12-17 03:03:20,456] Trial 7 failed with value None.
Traceback (most recent call last):
  File "<frozen runpy>", line 198, in _run_module_as_main
  File "<frozen runpy>", line 88, in _run_code
  File "C:\Users\Nahel\Documents\GitHub\quantlab\projects\ohlcv-optimizer-v1\src\hyperliquid_ohlcv_optimizer\optimize\optuna_worker.py", line 191, in <module>
    main()
  File "C:\Users\Nahel\Documents\GitHub\quantlab\projects\ohlcv-optimizer-v1\src\hyperliquid_ohlcv_optimizer\optimize\optuna_worker.py", line 178, in main
    study.optimize(
  File "C:\Users\Nahel\Documents\GitHub\quantlab\projects\ohlcv-optimizer-v1\.venv\Lib\site-packages\optuna\study\study.py", line 490, in optimize
    _optimize(
  File "C:\Users\Nahel\Documents\GitHub\quantlab\projects\ohlcv-optimizer-v1\.venv\Lib\site-packages\optuna\study\_optimize.py", line 67, in _optimize
    _optimize_sequential(
  File "C:\Users\Nahel\Documents\GitHub\quantlab\projects\ohlcv-optimizer-v1\.venv\Lib\site-packages\optuna\study\_optimize.py", line 164, in _optimize_sequential
    frozen_trial_id = _run_trial(study, func, catch)
                      ^^^^^^^^^^^^^^^^^^^^^^^^^^^^^^
  File "C:\Users\Nahel\Documents\GitHub\quantlab\projects\ohlcv-optimizer-v1\.venv\Lib\site-packages\optuna\study\_optimize.py", line 262, in _run_trial
    raise func_err
  File "C:\Users\Nahel\Documents\GitHub\quantlab\projects\ohlcv-optimizer-v1\.venv\Lib\site-packages\optuna\study\_optimize.py", line 205, in _run_trial
    value_or_values = func(trial)
                      ^^^^^^^^^^^
  File "C:\Users\Nahel\Documents\GitHub\quantlab\projects\ohlcv-optimizer-v1\src\hyperliquid_ohlcv_optimizer\optimize\optuna_worker.py", line 146, in objective
    res = run_backtest(df=df_train, signal=sig_train, config=bt_cfg)
          ^^^^^^^^^^^^^^^^^^^^^^^^^^^^^^^^^^^^^^^^^^^^^^^^^^^^^^^^^^
  File "C:\Users\Nahel\Documents\GitHub\quantlab\projects\ohlcv-optimizer-v1\src\hyperliquid_ohlcv_optimizer\backtest\backtester.py", line 663, in run_backtest
    eq_close = float(mark_to_market(c))
                     ^^^^^^^^^^^^^^
NameError: name 'mark_to_market' is not defined
